<?xml version="1.0" encoding="UTF-8"?>
<testng-results ignored="0" total="1" passed="1" failed="0" skipped="0">
  <reporter-output>
  </reporter-output>
  <suite started-at="2022-09-20T12:43:58 IST" name="Default suite" finished-at="2022-09-20T12:44:20 IST" duration-ms="21131">
    <groups>
      <group name="sanity">
        <method signature="MavenPracticeTest.SampleTest()[pri:0, instance:org.rmg1.practice.MavenPracticeTest@dbf57b3]" name="SampleTest" class="org.rmg1.practice.MavenPracticeTest"/>
      </group> <!-- sanity -->
    </groups>
    <test started-at="2022-09-20T12:43:58 IST" name="Default test" finished-at="2022-09-20T12:44:20 IST" duration-ms="21131">
      <class name="org.rmg1.practice.MavenPracticeTest">
        <test-method signature="SampleTest()[pri:0, instance:org.rmg1.practice.MavenPracticeTest@dbf57b3]" started-at="2022-09-20T12:43:59 IST" name="SampleTest" finished-at="2022-09-20T12:44:20 IST" duration-ms="21070" status="PASS">
          <reporter-output>
          </reporter-output>
        </test-method> <!-- SampleTest -->
      </class> <!-- org.rmg1.practice.MavenPracticeTest -->
    </test> <!-- Default test -->
  </suite> <!-- Default suite -->
</testng-results>
